Removed Pin From Net: NetName=GND Pin=ADC0-1
Removed Pin From Net: NetName=GND Pin=ADC1-1
Removed Pin From Net: NetName=GND Pin=ADC2-1
Removed Pin From Net: NetName=GND Pin=ADC3-1
Removed Pin From Net: NetName=GND Pin=ADC4-1
Removed Pin From Net: NetName=GND Pin=ADC5-1
Removed Pin From Net: NetName=GND Pin=ADC6-1
Removed Pin From Net: NetName=GND Pin=ADC7-1
Added Pin To Net: NetName=GND Pin=ADC0-2
Added Pin To Net: NetName=GND Pin=ADC1-2
Added Pin To Net: NetName=GND Pin=ADC2-2
Added Pin To Net: NetName=GND Pin=ADC3-2
Added Pin To Net: NetName=GND Pin=ADC4-2
Added Pin To Net: NetName=GND Pin=ADC5-2
Added Pin To Net: NetName=GND Pin=ADC6-2
Added Pin To Net: NetName=GND Pin=ADC7-2
Added Pin To Net: NetName=NetADC0_1 Pin=ADC0-1
Added Pin To Net: NetName=NetADC0_1 Pin=R503-1
Added Net: Name=NetADC0_1
Added Pin To Net: NetName=NetADC1_1 Pin=ADC1-1
Added Pin To Net: NetName=NetADC1_1 Pin=R505-1
Added Net: Name=NetADC1_1
Added Pin To Net: NetName=NetADC2_1 Pin=ADC2-1
Added Pin To Net: NetName=NetADC2_1 Pin=R507-1
Added Net: Name=NetADC2_1
Added Pin To Net: NetName=NetADC3_1 Pin=ADC3-1
Added Pin To Net: NetName=NetADC3_1 Pin=R509-1
Added Net: Name=NetADC3_1
Added Pin To Net: NetName=NetADC4_1 Pin=ADC4-1
Added Pin To Net: NetName=NetADC4_1 Pin=R511-1
Added Net: Name=NetADC4_1
Added Pin To Net: NetName=NetADC5_1 Pin=ADC5-1
Added Pin To Net: NetName=NetADC5_1 Pin=R513-1
Added Net: Name=NetADC5_1
Added Pin To Net: NetName=NetADC6_1 Pin=ADC6-1
Added Pin To Net: NetName=NetADC6_1 Pin=R515-1
Added Net: Name=NetADC6_1
Added Pin To Net: NetName=NetADC7_1 Pin=ADC7-1
Added Pin To Net: NetName=NetADC7_1 Pin=R517-1
Added Net: Name=NetADC7_1
Added Room: Name=AD
